<?xml version="1.0" encoding="UTF-8"?>
<!-- Generated by org.testng.reporters.JUnitReportReporter -->
<testsuite hostname="fnngj-PC" name="com.knife.base.BaiduSearchTest" tests="1" failures="0" timestamp="3 Apr 2016 08:29:57 GMT" time="4.761" errors="0">
  <testcase name="testCase" time="4.761" classname="com.knife.base.BaiduSearchTest"/>
</testsuite> <!-- com.knife.base.BaiduSearchTest -->
